  DHUDataStructure.cpp
c:\users\dcmmc\source\repos\dhu_data_structure\dhu_data_structure\dhudatastructure.cpp(1): warning C4819: The file contains a character that cannot be represented in the current code page (936). Save the file in Unicode format to prevent data loss
c:\users\dcmmc\source\repos\dhu_data_structure\dhu_data_structure\exercise-sqlist.h : warning C4819: The file contains a character that cannot be represented in the current code page (936). Save the file in Unicode format to prevent data loss
c:\users\dcmmc\source\repos\dhu_data_structure\dhu_data_structure\sqlist.h : warning C4819: The file contains a character that cannot be represented in the current code page (936). Save the file in Unicode format to prevent data loss
c:\users\dcmmc\source\repos\dhu_data_structure\dhu_data_structure\list.h : warning C4819: The file contains a character that cannot be represented in the current code page (936). Save the file in Unicode format to prevent data loss
c:\users\dcmmc\source\repos\dhu_data_structure\dhu_data_structure\exercise-linkedlist.h : warning C4819: The file contains a character that cannot be represented in the current code page (936). Save the file in Unicode format to prevent data loss
c:\users\dcmmc\source\repos\dhu_data_structure\dhu_data_structure\dllist.h : warning C4819: The file contains a character that cannot be represented in the current code page (936). Save the file in Unicode format to prevent data loss
c:\users\dcmmc\source\repos\dhu_data_structure\dhu_data_structure\dllist.h(87): warning C4290: C++ exception specification ignored except to indicate a function is not __declspec(nothrow)
  c:\users\dcmmc\source\repos\dhu_data_structure\dhu_data_structure\dllist.h(485): note: see reference to class template instantiation 'LinkedList<Item>' being compiled
c:\users\dcmmc\source\repos\dhu_data_structure\dhu_data_structure\dllist.h(257): warning C4290: C++ exception specification ignored except to indicate a function is not __declspec(nothrow)
c:\users\dcmmc\source\repos\dhu_data_structure\dhu_data_structure\dllist.h(319): warning C4290: C++ exception specification ignored except to indicate a function is not __declspec(nothrow)
c:\users\dcmmc\source\repos\dhu_data_structure\dhu_data_structure\dllist.h(333): warning C4290: C++ exception specification ignored except to indicate a function is not __declspec(nothrow)
c:\users\dcmmc\source\repos\dhu_data_structure\dhu_data_structure\dllist.h(359): warning C4290: C++ exception specification ignored except to indicate a function is not __declspec(nothrow)
c:\users\dcmmc\source\repos\dhu_data_structure\dhu_data_structure\dllist.h(397): warning C4290: C++ exception specification ignored except to indicate a function is not __declspec(nothrow)
c:\users\dcmmc\source\repos\dhu_data_structure\dhu_data_structure\exercise-linkedlist.h(1002): warning C4819: The file contains a character that cannot be represented in the current code page (936). Save the file in Unicode format to prevent data loss
c:\users\dcmmc\source\repos\dhu_data_structure\dhu_data_structure\exercise-sqstack.h : warning C4819: The file contains a character that cannot be represented in the current code page (936). Save the file in Unicode format to prevent data loss
c:\users\dcmmc\source\repos\dhu_data_structure\dhu_data_structure\stack.h : warning C4819: The file contains a character that cannot be represented in the current code page (936). Save the file in Unicode format to prevent data loss
c:\users\dcmmc\source\repos\dhu_data_structure\dhu_data_structure\stack.h(212): warning C4290: C++ exception specification ignored except to indicate a function is not __declspec(nothrow)
  c:\users\dcmmc\source\repos\dhu_data_structure\dhu_data_structure\stack.h(281): note: see reference to class template instantiation 'Stack<T>' being compiled
c:\users\dcmmc\source\repos\dhu_data_structure\dhu_data_structure\stack.h(233): warning C4290: C++ exception specification ignored except to indicate a function is not __declspec(nothrow)
c:\users\dcmmc\source\repos\dhu_data_structure\dhu_data_structure\exercise-sqstack.h(89): warning C4101: 'e': unreferenced local variable
c:\users\dcmmc\source\repos\dhu_data_structure\dhu_data_structure\exercise-queue.h : warning C4819: The file contains a character that cannot be represented in the current code page (936). Save the file in Unicode format to prevent data loss
c:\users\dcmmc\source\repos\dhu_data_structure\dhu_data_structure\queue.h : warning C4819: The file contains a character that cannot be represented in the current code page (936). Save the file in Unicode format to prevent data loss
c:\users\dcmmc\source\repos\dhu_data_structure\dhu_data_structure\queue.h(213): warning C4290: C++ exception specification ignored except to indicate a function is not __declspec(nothrow)
  c:\users\dcmmc\source\repos\dhu_data_structure\dhu_data_structure\queue.h(285): note: see reference to class template instantiation 'Queue<T>' being compiled
c:\users\dcmmc\source\repos\dhu_data_structure\dhu_data_structure\queue.h(237): warning C4290: C++ exception specification ignored except to indicate a function is not __declspec(nothrow)
c:\users\dcmmc\source\repos\dhu_data_structure\dhu_data_structure\exercise-queue.h(206): warning C4018: '<=': signed/unsigned mismatch
c:\users\dcmmc\source\repos\dhu_data_structure\dhu_data_structure\exercise-queue.h(213): warning C4018: '<': signed/unsigned mismatch
c:\users\dcmmc\source\repos\dhu_data_structure\dhu_data_structure\exercise-tree.h : warning C4819: The file contains a character that cannot be represented in the current code page (936). Save the file in Unicode format to prevent data loss
c:\users\dcmmc\source\repos\dhu_data_structure\dhu_data_structure\binarytree.h : warning C4819: The file contains a character that cannot be represented in the current code page (936). Save the file in Unicode format to prevent data loss
c:\users\dcmmc\source\repos\dhu_data_structure\dhu_data_structure\binarytree.h(1146): warning C4819: The file contains a character that cannot be represented in the current code page (936). Save the file in Unicode format to prevent data loss
c:\users\dcmmc\source\repos\dhu_data_structure\dhu_data_structure\binarytree.h(568): warning C4290: C++ exception specification ignored except to indicate a function is not __declspec(nothrow)
  c:\users\dcmmc\source\repos\dhu_data_structure\dhu_data_structure\binarytree.h(1237): note: see reference to class template instantiation 'BinaryTree<T>' being compiled
c:\users\dcmmc\source\repos\dhu_data_structure\dhu_data_structure\dhudatastructure.cpp(1284): warning C4819: The file contains a character that cannot be represented in the current code page (936). Save the file in Unicode format to prevent data loss
c:\users\dcmmc\source\repos\dhu_data_structure\dhu_data_structure\binarytree.h(1036): error C2065: 'priority_queue': undeclared identifier
  c:\users\dcmmc\source\repos\dhu_data_structure\dhu_data_structure\dhudatastructure.cpp(1149): note: see reference to function template instantiation 'void BinaryTree<HuffmanItem<std::string>>::generateHuffmanTree<std::string>(const std::vector<std::string,std::allocator<_Ty>> &,const std::vector<int,std::allocator<int>> &)' being compiled
          with
          [
              _Ty=std::string
          ]
  c:\users\dcmmc\source\repos\dhu_data_structure\dhu_data_structure\dhudatastructure.cpp(1149): note: see reference to function template instantiation 'void BinaryTree<HuffmanItem<std::string>>::generateHuffmanTree<std::string>(const std::vector<std::string,std::allocator<_Ty>> &,const std::vector<int,std::allocator<int>> &)' being compiled
          with
          [
              _Ty=std::string
          ]
c:\users\dcmmc\source\repos\dhu_data_structure\dhu_data_structure\binarytree.h(1036): error C2059: syntax error: ','
c:\users\dcmmc\source\repos\dhu_data_structure\dhu_data_structure\binarytree.h(1038): warning C4018: '<': signed/unsigned mismatch
c:\users\dcmmc\source\repos\dhu_data_structure\dhu_data_structure\binarytree.h(1041): error C2065: 'nodes': undeclared identifier
c:\users\dcmmc\source\repos\dhu_data_structure\dhu_data_structure\binarytree.h(1041): error C2228: left of '.push' must have class/struct/union
  c:\users\dcmmc\source\repos\dhu_data_structure\dhu_data_structure\binarytree.h(1041): note: type is 'unknown-type'
c:\users\dcmmc\source\repos\dhu_data_structure\dhu_data_structure\binarytree.h(1046): error C2065: 'nodes': undeclared identifier
c:\users\dcmmc\source\repos\dhu_data_structure\dhu_data_structure\binarytree.h(1046): error C2228: left of '.size' must have class/struct/union
  c:\users\dcmmc\source\repos\dhu_data_structure\dhu_data_structure\binarytree.h(1046): note: type is 'unknown-type'
c:\users\dcmmc\source\repos\dhu_data_structure\dhu_data_structure\binarytree.h(1048): error C2065: 'nodes': undeclared identifier
c:\users\dcmmc\source\repos\dhu_data_structure\dhu_data_structure\binarytree.h(1048): error C2228: left of '.top' must have class/struct/union
  c:\users\dcmmc\source\repos\dhu_data_structure\dhu_data_structure\binarytree.h(1048): note: type is 'unknown-type'
c:\users\dcmmc\source\repos\dhu_data_structure\dhu_data_structure\binarytree.h(1049): error C2065: 'nodes': undeclared identifier
c:\users\dcmmc\source\repos\dhu_data_structure\dhu_data_structure\binarytree.h(1049): error C2228: left of '.top' must have class/struct/union
  c:\users\dcmmc\source\repos\dhu_data_structure\dhu_data_structure\binarytree.h(1049): note: type is 'unknown-type'
c:\users\dcmmc\source\repos\dhu_data_structure\dhu_data_structure\binarytree.h(1049): error C2227: left of '->parent' must point to class/struct/union/generic type
c:\users\dcmmc\source\repos\dhu_data_structure\dhu_data_structure\binarytree.h(1050): error C2065: 'nodes': undeclared identifier
c:\users\dcmmc\source\repos\dhu_data_structure\dhu_data_structure\binarytree.h(1050): error C2228: left of '.pop' must have class/struct/union
  c:\users\dcmmc\source\repos\dhu_data_structure\dhu_data_structure\binarytree.h(1050): note: type is 'unknown-type'
c:\users\dcmmc\source\repos\dhu_data_structure\dhu_data_structure\binarytree.h(1051): error C2065: 'nodes': undeclared identifier
c:\users\dcmmc\source\repos\dhu_data_structure\dhu_data_structure\binarytree.h(1051): error C2228: left of '.top' must have class/struct/union
  c:\users\dcmmc\source\repos\dhu_data_structure\dhu_data_structure\binarytree.h(1051): note: type is 'unknown-type'
c:\users\dcmmc\source\repos\dhu_data_structure\dhu_data_structure\binarytree.h(1052): error C2065: 'nodes': undeclared identifier
c:\users\dcmmc\source\repos\dhu_data_structure\dhu_data_structure\binarytree.h(1052): error C2228: left of '.top' must have class/struct/union
  c:\users\dcmmc\source\repos\dhu_data_structure\dhu_data_structure\binarytree.h(1052): note: type is 'unknown-type'
c:\users\dcmmc\source\repos\dhu_data_structure\dhu_data_structure\binarytree.h(1052): error C2227: left of '->parent' must point to class/struct/union/generic type
c:\users\dcmmc\source\repos\dhu_data_structure\dhu_data_structure\binarytree.h(1053): error C2065: 'nodes': undeclared identifier
c:\users\dcmmc\source\repos\dhu_data_structure\dhu_data_structure\binarytree.h(1053): error C2228: left of '.pop' must have class/struct/union
  c:\users\dcmmc\source\repos\dhu_data_structure\dhu_data_structure\binarytree.h(1053): note: type is 'unknown-type'
c:\users\dcmmc\source\repos\dhu_data_structure\dhu_data_structure\binarytree.h(1056): error C2065: 'nodes': undeclared identifier
c:\users\dcmmc\source\repos\dhu_data_structure\dhu_data_structure\binarytree.h(1056): error C2228: left of '.push' must have class/struct/union
  c:\users\dcmmc\source\repos\dhu_data_structure\dhu_data_structure\binarytree.h(1056): note: type is 'unknown-type'
c:\users\dcmmc\source\repos\dhu_data_structure\dhu_data_structure\binarytree.h(1059): error C2065: 'nodes': undeclared identifier
c:\users\dcmmc\source\repos\dhu_data_structure\dhu_data_structure\binarytree.h(1059): error C2228: left of '.top' must have class/struct/union
  c:\users\dcmmc\source\repos\dhu_data_structure\dhu_data_structure\binarytree.h(1059): note: type is 'unknown-type'
